/home/sidn/puma/grapple/scripts/training/papu
Mon Feb  1 14:36:08 2021       
+-----------------------------------------------------------------------------+
| NVIDIA-SMI 440.64.00    Driver Version: 440.64.00    CUDA Version: 10.2     |
|-------------------------------+----------------------+----------------------+
| GPU  Name        Persistence-M| Bus-Id        Disp.A | Volatile Uncorr. ECC |
| Fan  Temp  Perf  Pwr:Usage/Cap|         Memory-Usage | GPU-Util  Compute M. |
|===============================+======================+======================|
|   0  Tesla V100-SXM2...  On   | 00000004:04:00.0 Off |                    0 |
| N/A   40C    P0    42W / 300W |      0MiB / 32510MiB |      0%      Default |
+-------------------------------+----------------------+----------------------+
|   1  Tesla V100-SXM2...  On   | 00000004:05:00.0 Off |                    0 |
| N/A   43C    P0    40W / 300W |      0MiB / 32510MiB |      0%      Default |
+-------------------------------+----------------------+----------------------+
|   2  Tesla V100-SXM2...  On   | 00000035:03:00.0 Off |                    0 |
| N/A   40C    P0    40W / 300W |      0MiB / 32510MiB |      0%      Default |
+-------------------------------+----------------------+----------------------+
|   3  Tesla V100-SXM2...  On   | 00000035:04:00.0 Off |                    0 |
| N/A   45C    P0    41W / 300W |      0MiB / 32510MiB |      0%      Default |
+-------------------------------+----------------------+----------------------+
                                                                               
+-----------------------------------------------------------------------------+
| Processes:                                                       GPU Memory |
|  GPU       PID   Type   Process name                             Usage      |
|=============================================================================|
|  No running processes found                                                 |
+-----------------------------------------------------------------------------+
 
 Nodelist:=  node0033
 Number of nodes:=  1
 GPUs per node:=  0,1,2,3
 Ntasks per node:=  4
 Run started at:- 
Mon Feb  1 14:36:09 EST 2021
