/home/sidn/puma/grapple/scripts/training/papu
Sun Jan 31 13:26:15 2021       
+-----------------------------------------------------------------------------+
| NVIDIA-SMI 440.64.00    Driver Version: 440.64.00    CUDA Version: 10.2     |
|-------------------------------+----------------------+----------------------+
| GPU  Name        Persistence-M| Bus-Id        Disp.A | Volatile Uncorr. ECC |
| Fan  Temp  Perf  Pwr:Usage/Cap|         Memory-Usage | GPU-Util  Compute M. |
|===============================+======================+======================|
|   0  Tesla V100-SXM2...  On   | 00000004:04:00.0 Off |                    0 |
| N/A   40C    P0    40W / 300W |      0MiB / 32510MiB |      0%      Default |
+-------------------------------+----------------------+----------------------+
|   1  Tesla V100-SXM2...  On   | 00000004:05:00.0 Off |                    0 |
| N/A   44C    P0    42W / 300W |      0MiB / 32510MiB |      0%      Default |
+-------------------------------+----------------------+----------------------+
|   2  Tesla V100-SXM2...  On   | 00000035:03:00.0 Off |                    0 |
| N/A   37C    P0    38W / 184W |      0MiB / 32510MiB |      0%      Default |
+-------------------------------+----------------------+----------------------+
|   3  Tesla V100-SXM2...  On   | 00000035:04:00.0 Off |                    0 |
| N/A   42C    P0    39W / 184W |      0MiB / 32510MiB |      0%      Default |
+-------------------------------+----------------------+----------------------+
                                                                               
+-----------------------------------------------------------------------------+
| Processes:                                                       GPU Memory |
|  GPU       PID   Type   Process name                             Usage      |
|=============================================================================|
|  No running processes found                                                 |
+-----------------------------------------------------------------------------+
 
 Nodelist:=  node0025
 Number of nodes:=  1
 GPUs per node:=  0,1,2,3
 Ntasks per node:=  4
 Run started at:- 
Sun Jan 31 13:26:16 EST 2021
Run completed at:- 
Sun Jan 31 13:26:16 EST 2021
